<?xml version="1.0" encoding="UTF-8"?>
<!-- Generated by org.testng.reporters.JUnitXMLReporter -->
<testsuite ignored="0" hostname="win-PC" failures="0" tests="3" name="Test" time="68.284" errors="0" timestamp="2023-07-30T16:39:29 IST">
  <testcase classname="eCommerceProjects.flipKart" name="FlipkartTest" time="19.179"/>
  <testcase classname="eCommerceProjects.Amazon" name="amazontest" time="17.63"/>
  <testcase classname="eCommerceProjects.Ajio" name="aJioTest" time="31.316"/>
</testsuite> <!-- Test -->
