<?xml version="1.0" encoding="UTF-8"?>
<testng-results ignored="0" total="3" passed="3" failed="0" skipped="0">
  <reporter-output>
    <line>
      <![CDATA[Opening FlipKart]]>
    </line>
    <line>
      <![CDATA[opening amazon]]>
    </line>
    <line>
      <![CDATA[Opening AJio]]>
    </line>
  </reporter-output>
  <suite started-at="2023-07-30T16:38:20 IST" name="Suite" finished-at="2023-07-30T16:39:29 IST" duration-ms="68284">
    <groups>
    </groups>
    <test started-at="2023-07-30T16:38:20 IST" name="Test" finished-at="2023-07-30T16:39:29 IST" duration-ms="68284">
      <class name="eCommerceProjects.flipKart">
        <test-method signature="FlipkartTest()[pri:0, instance:eCommerceProjects.flipKart@222545dc]" started-at="2023-07-30T16:38:21 IST" name="FlipkartTest" finished-at="2023-07-30T16:38:40 IST" duration-ms="19179" status="PASS">
          <reporter-output>
            <line>
              <![CDATA[Opening FlipKart]]>
            </line>
          </reporter-output>
        </test-method> <!-- FlipkartTest -->
      </class> <!-- eCommerceProjects.flipKart -->
      <class name="eCommerceProjects.Amazon">
        <test-method signature="amazontest()[pri:0, instance:eCommerceProjects.Amazon@3a93b025]" started-at="2023-07-30T16:38:40 IST" name="amazontest" finished-at="2023-07-30T16:38:57 IST" duration-ms="17630" status="PASS">
          <reporter-output>
            <line>
              <![CDATA[opening amazon]]>
            </line>
          </reporter-output>
        </test-method> <!-- amazontest -->
      </class> <!-- eCommerceProjects.Amazon -->
      <class name="eCommerceProjects.Ajio">
        <test-method signature="aJioTest()[pri:0, instance:eCommerceProjects.Ajio@35cabb2a]" started-at="2023-07-30T16:38:57 IST" name="aJioTest" finished-at="2023-07-30T16:39:29 IST" duration-ms="31316" status="PASS">
          <reporter-output>
            <line>
              <![CDATA[Opening AJio]]>
            </line>
          </reporter-output>
        </test-method> <!-- aJioTest -->
      </class> <!-- eCommerceProjects.Ajio -->
    </test> <!-- Test -->
  </suite> <!-- Suite -->
</testng-results>
